C51 COMPILER V9.60.0.0   COMPARE_PASSWORD                                                  04/17/2022 19:04:03 PAGE 1   


C51 COMPILER V9.60.0.0, COMPILATION OF MODULE COMPARE_PASSWORD
OBJECT MODULE PLACED IN .\Objects\compare_password.obj
COMPILER INVOKED BY: C:\Keil_v5\C51\BIN\C51.EXE compare_password.c OPTIMIZE(8,SPEED) BROWSE DEBUG OBJECTEXTEND PRINT(.\L
                    -istings\compare_password.lst) TABS(2) OBJECT(.\Objects\compare_password.obj)

line level    source

   1          #include <reg51.h>
   2          #include <string.h>
   3          #include "header.h"
   4          sbit trigger = P2^7;
   5          sbit buzzer  = P3^7;
   6          void compare_password(unsigned char* a, unsigned char *x)
   7          {
   8   1        
   9   1          
  10   1          
  11   1          
  12   1          
  13   1          
  14   1        
  15   1        
  16   1        
  17   1        
  18   1        
  19   1        
  20   1        
  21   1      }
*** WARNING C280 IN LINE 6 OF compare_password.c: 'a': unreferenced local variable
*** WARNING C280 IN LINE 6 OF compare_password.c: 'x': unreferenced local variable


MODULE INFORMATION:   STATIC OVERLAYABLE
   CODE SIZE        =      7    ----
   CONSTANT SIZE    =   ----    ----
   XDATA SIZE       =   ----    ----
   PDATA SIZE       =   ----    ----
   DATA SIZE        =   ----       6
   IDATA SIZE       =   ----    ----
   BIT SIZE         =   ----    ----
END OF MODULE INFORMATION.


C51 COMPILATION COMPLETE.  2 WARNING(S),  0 ERROR(S)
