C51 COMPILER V9.52.0.0   EDIT_PASS                                                         08/29/2022 18:00:58 PAGE 1   


C51 COMPILER V9.52.0.0, COMPILATION OF MODULE EDIT_PASS
OBJECT MODULE PLACED IN .\Objects\edit_pass.obj
COMPILER INVOKED BY: C:\Keil_v5\C51\BIN\C51.EXE edit_pass.c BROWSE DEBUG OBJECTEXTEND PRINT(.\Listings\edit_pass.lst) TA
                    -BS(2) OBJECT(.\Objects\edit_pass.obj)

line level    source

   1          #include "header.h"
   2          #include<string.h>
   3          void edit_pass(void)
   4          {
   5   1        unsigned char key,temp1, user_id = 0;
   6   1        signed char i,ret;
   7   1        char a[5]={0};
   8   1        unsigned char *read_pass;
   9   1        
  10   1        unsigned char c[5]={0};
  11   1        lcd_init();
  12   1        label:  lcd_cmd(0x01);
  13   1        lcd_cmd(0x80);
  14   1      string_data("ENTER OLD PASS");
  15   1        for(i=0;i<3;i++)
  16   1            {
  17   2              row_Init();//Row initialization
  18   2              while(Is_Keypressed());//waiting for sw press
  19   2              temp1=  key_Val();
  20   2              a[i]=temp1;
  21   2              lcd_cmd(0xC0+i);
  22   2              lcd_data(temp1);
  23   2                delay_ms(100);
  24   2                lcd_cmd(0xC0+i);
  25   2                lcd_data('*');
  26   2            } 
  27   1              a[i]='\0';
  28   1          //  ptr = init_pass_read();
  29   1           // strcpy(c,ptr);
  30   1          user_id = taking_id();
  31   1            
  32   1            
  33   1            if(user_id == '1')
  34   1            {
  35   2              read_pass = init_pass_read_user_one(); 
  36   2            
  37   2            }
  38   1            
  39   1            else if(user_id == '2')
  40   1            {
  41   2              read_pass = init_pass_read_user_two(); 
  42   2            
  43   2            }
  44   1            
  45   1            
  46   1            else if(user_id == '3')
  47   1            {
  48   2              read_pass = init_pass_read_user_three(); 
  49   2            
  50   2            }
  51   1            
  52   1            ret=strcmp(a,read_pass);
  53   1            lcd_cmd(0x01);
  54   1        lcd_cmd(0x80);
C51 COMPILER V9.52.0.0   EDIT_PASS                                                         08/29/2022 18:00:58 PAGE 2   

  55   1            
  56   1            
  57   1            if(ret==0)
  58   1            {
  59   2        lcd_cmd(0x01);
  60   2        lcd_cmd(0x80);
  61   2        string_data("PASS MATCH");
  62   2      delay_ms(400);          
  63   2              
  64   2             lcd_cmd(0x01);
  65   2        lcd_cmd(0x80);
  66   2      string_data("SET UR NEW PASS"); 
  67   2        lcd_cmd(0xC0);
  68   2        row_Init(); 
  69   2        delay_ms(400);
  70   2              
  71   2        
  72   2          
  73   2        switch (user_id)
  74   2        {
  75   3          case '1' : 
  76   3                    while(Is_Keypressed());//waiting for sw press1
  77   3               key=key_Val();
  78   3        //row_init();                  //row stuck in the same position so initialze again
  79   3        lcd_data(key);
  80   3        //c[0]=key;
  81   3        i2c_device_byte_write(0xA0,0x3,key);//write 1 byte of data into eeprom memory loaction
  82   3      
  83   3        row_Init(); 
  84   3        while(Is_Keypressed());//waiting for sw press2
  85   3               key=key_Val();
  86   3        //row_init();                //row stuck in the same position so initialze again
  87   3        lcd_data(key);
  88   3        //c[1]=key;
  89   3      i2c_device_byte_write(0xA0,0x4,key);//write 1 byte of data into eeprom memory loaction
  90   3      
  91   3       
  92   3       row_Init();
  93   3       while(Is_Keypressed());//waiting for sw press3
  94   3               key=key_Val();
  95   3               //row_init();             //row stuck in the same position so initialze again
  96   3        lcd_data(key);
  97   3        //c[2]=key;
  98   3      i2c_device_byte_write(0xA0,0x5,key);//write 1 byte of data into eeprom memory loaction
  99   3      
 100   3      break;
 101   3      
 102   3      
 103   3      
 104   3          case '2' :
 105   3            
 106   3          while(Is_Keypressed());//waiting for sw press1
 107   3               key=key_Val();
 108   3        //row_init();                  //row stuck in the same position so initialze again
 109   3        lcd_data(key);
 110   3        //c[0]=key;
 111   3        i2c_device_byte_write(0xA0,0x8,key);//write 1 byte of data into eeprom memory loaction
 112   3      
 113   3        row_Init(); 
 114   3        while(Is_Keypressed());//waiting for sw press2
 115   3               key=key_Val();
 116   3        //row_init();                //row stuck in the same position so initialze again
C51 COMPILER V9.52.0.0   EDIT_PASS                                                         08/29/2022 18:00:58 PAGE 3   

 117   3        lcd_data(key);
 118   3        //c[1]=key;
 119   3      i2c_device_byte_write(0xA0,0x9,key);//write 1 byte of data into eeprom memory loaction
 120   3      
 121   3       
 122   3       row_Init();
 123   3       while(Is_Keypressed());//waiting for sw press3
 124   3               key=key_Val();
 125   3               //row_init();             //row stuck in the same position so initialze again
 126   3        lcd_data(key);
 127   3        //c[2]=key;
 128   3      i2c_device_byte_write(0xA0,0x0A,key);//write 1 byte of data into eeprom memory loaction
 129   3      
 130   3      break;
 131   3          
 132   3          
 133   3          case '3' :
 134   3            
 135   3          while(Is_Keypressed());//waiting for sw press1
 136   3               key=key_Val();
 137   3        //row_init();                  //row stuck in the same position so initialze again
 138   3        lcd_data(key);
 139   3        //c[0]=key;
 140   3        i2c_device_byte_write(0xA0,0x0D,key);//write 1 byte of data into eeprom memory loaction
 141   3      
 142   3        row_Init(); 
 143   3        while(Is_Keypressed());//waiting for sw press2
 144   3               key=key_Val();
 145   3        //row_init();                //row stuck in the same position so initialze again
 146   3        lcd_data(key);
 147   3        //c[1]=key;
 148   3      i2c_device_byte_write(0xA0,0x0E,key);//write 1 byte of data into eeprom memory loaction
 149   3      
 150   3       
 151   3       row_Init();
 152   3       while(Is_Keypressed());//waiting for sw press3
 153   3               key=key_Val();
 154   3               //row_init();             //row stuck in the same position so initialze again
 155   3        lcd_data(key);
 156   3        //c[2]=key;
 157   3      i2c_device_byte_write(0xA0,0x0F,key);//write 1 byte of data into eeprom memory loaction
 158   3      
 159   3      break;
 160   3          
 161   3        }
 162   2      
 163   2      }
 164   1            else
 165   1            {
 166   2              lcd_cmd(0x01);
 167   2        lcd_cmd(0x80);
 168   2        string_data("PASS NOT MATCH");
 169   2        lcd_cmd(0xC0);  
 170   2        string_data("TRY AGAIN");
 171   2              delay_ms(400);
 172   2              
 173   2              goto label; 
 174   2            }
 175   1              
 176   1      
 177   1      }     

C51 COMPILER V9.52.0.0   EDIT_PASS                                                         08/29/2022 18:00:58 PAGE 4   


MODULE INFORMATION:   STATIC OVERLAYABLE
   CODE SIZE        =    542    ----
   CONSTANT SIZE    =     77    ----
   XDATA SIZE       =   ----    ----
   PDATA SIZE       =   ----    ----
   DATA SIZE        =   ----      18
   IDATA SIZE       =   ----    ----
   BIT SIZE         =   ----    ----
END OF MODULE INFORMATION.


C51 COMPILATION COMPLETE.  0 WARNING(S),  0 ERROR(S)
