C51 COMPILER V9.60.0.0   FRAME                                                             04/11/2022 11:15:01 PAGE 1   


C51 COMPILER V9.60.0.0, COMPILATION OF MODULE FRAME
OBJECT MODULE PLACED IN .\Objects\frame.obj
COMPILER INVOKED BY: C:\Keil_v5\C51\BIN\C51.EXE frame.c OPTIMIZE(8,SPEED) BROWSE DEBUG OBJECTEXTEND PRINT(.\Listings\fra
                    -me.lst) TABS(2) OBJECT(.\Objects\frame.obj)

line level    source

   1          #include "header.h"
   2          void i2c_byte_write_frame(unsigned char sa,unsigned char mr,unsigned char d)
   3          {
   4   1      bit ret;
   5   1      i2c_start();
*** WARNING C206 IN LINE 5 OF frame.c: 'i2c_start': missing function-prototype
   6   1      i2c_write(sa);
*** WARNING C206 IN LINE 6 OF frame.c: 'i2c_write': missing function-prototype
*** ERROR C267 IN LINE 6 OF frame.c: 'i2c_write': requires ANSI-style prototype
   7   1      ret=i2c_ack();
   8   1      if(ret==1)
   9   1      goto out;
  10   1      i2c_write(mr);
  11   1      ret=i2c_ack();
  12   1      if(ret==1)
  13   1      goto out;
  14   1      i2c_write(d);
  15   1      ret=i2c_ack();
  16   1      if(ret==1)
  17   1      goto out;
  18   1      out:
  19   1      i2c_stop();
  20   1      }
  21          
  22          
  23          
  24          unsigned char i2c_byte_read_frame(unsigned char sa,unsigned char mr)
  25          {
  26   1      unsigned temp; 
  27   1      bit ret;
  28   1      i2c_start();
  29   1      i2c_write(sa);
  30   1      ret=i2c_ack();
  31   1      if(ret==1)
  32   1      goto out;
  33   1      i2c_write(mr);
  34   1      ret=i2c_ack();
  35   1      if(ret==1)
  36   1      goto out;
  37   1      i2c_start();
  38   1      i2c_write(sa|1);
  39   1      ret=i2c_ack();
  40   1      if(ret==1)
  41   1      goto out;
  42   1      temp=i2c_read();
  43   1      i2c_noack();
  44   1      out:
  45   1      i2c_stop();
  46   1      return temp;
  47   1      }

C51 COMPILATION COMPLETE.  2 WARNING(S),  1 ERROR(S)
