C51 COMPILER V9.52.0.0   INIT_PASS_WRITE_EEPROM                                            08/29/2022 18:00:58 PAGE 1   


C51 COMPILER V9.52.0.0, COMPILATION OF MODULE INIT_PASS_WRITE_EEPROM
OBJECT MODULE PLACED IN .\Objects\init_pass_write_eeprom.obj
COMPILER INVOKED BY: C:\Keil_v5\C51\BIN\C51.EXE init_pass_write_eeprom.c BROWSE DEBUG OBJECTEXTEND PRINT(.\Listings\init
                    -_pass_write_eeprom.lst) TABS(2) OBJECT(.\Objects\init_pass_write_eeprom.obj)

line level    source

   1          #include"header.h"
   2          
   3          void init_pass_write_user_one(void)
   4          {
   5   1          /* password write for user one */
   6   1        
   7   1        i2c_device_byte_write(0xA0,0x3,'0');
   8   1          
   9   1        i2c_device_byte_write(0xA0,0x4,'0');
  10   1          
  11   1        i2c_device_byte_write(0xA0,0x5,'1');
  12   1         
  13   1      }
  14          
  15          void init_pass_write_user_two(void)
  16          {
  17   1        
  18   1        /* password write for user two */
  19   1        
  20   1        i2c_device_byte_write(0xA0,0x8,'0');
  21   1          
  22   1        i2c_device_byte_write(0xA0,0x9,'1');
  23   1          
  24   1        i2c_device_byte_write(0xA0,0x0A,'0');
  25   1          
  26   1      }
  27          
  28          void init_pass_write_user_three(void)
  29          {
  30   1          
  31   1        /* password write for user three */
  32   1        
  33   1        i2c_device_byte_write(0xA0,0x0D,'1');
  34   1          
  35   1        i2c_device_byte_write(0xA0,0x0E,'0');
  36   1          
  37   1        i2c_device_byte_write(0xA0,0x0F,'0');
  38   1        
  39   1      }


MODULE INFORMATION:   STATIC OVERLAYABLE
   CODE SIZE        =     81    ----
   CONSTANT SIZE    =   ----    ----
   XDATA SIZE       =   ----    ----
   PDATA SIZE       =   ----    ----
   DATA SIZE        =   ----    ----
   IDATA SIZE       =   ----    ----
   BIT SIZE         =   ----    ----
END OF MODULE INFORMATION.


C51 COMPILATION COMPLETE.  0 WARNING(S),  0 ERROR(S)
