C51 COMPILER V9.52.0.0   INITIALIZE_INTURRUPT                                              08/29/2022 18:00:59 PAGE 1   


C51 COMPILER V9.52.0.0, COMPILATION OF MODULE INITIALIZE_INTURRUPT
OBJECT MODULE PLACED IN .\Objects\initialize_inturrupt.obj
COMPILER INVOKED BY: C:\Keil_v5\C51\BIN\C51.EXE initialize_inturrupt.c BROWSE DEBUG OBJECTEXTEND PRINT(.\Listings\initia
                    -lize_inturrupt.lst) TABS(2) OBJECT(.\Objects\initialize_inturrupt.obj)

line level    source

   1          #include <reg51.h>
   2          #include "header.h"
   3          
   4          void initialize_interrupt(void)
   5          {
   6   1        
   7   1        IE=0x81;
   8   1        EA=EX0=1;
   9   1        IT0=1;
  10   1        
  11   1      }


MODULE INFORMATION:   STATIC OVERLAYABLE
   CODE SIZE        =     10    ----
   CONSTANT SIZE    =   ----    ----
   XDATA SIZE       =   ----    ----
   PDATA SIZE       =   ----    ----
   DATA SIZE        =   ----    ----
   IDATA SIZE       =   ----    ----
   BIT SIZE         =   ----    ----
END OF MODULE INFORMATION.


C51 COMPILATION COMPLETE.  0 WARNING(S),  0 ERROR(S)
