C51 COMPILER V9.52.0.0   INIT_PASS_READ_EEPROM                                             08/29/2022 18:00:58 PAGE 1   


C51 COMPILER V9.52.0.0, COMPILATION OF MODULE INIT_PASS_READ_EEPROM
OBJECT MODULE PLACED IN .\Objects\init_pass_read_eeprom.obj
COMPILER INVOKED BY: C:\Keil_v5\C51\BIN\C51.EXE init_pass_read_eeprom.c BROWSE DEBUG OBJECTEXTEND PRINT(.\Listings\init_
                    -pass_read_eeprom.lst) TABS(2) OBJECT(.\Objects\init_pass_read_eeprom.obj)

line level    source

   1          #include"header.h"
   2          unsigned char * init_pass_read_user_one(void)
   3          {
   4   1        
   5   1        unsigned char b[5]={0};
   6   1        unsigned char temp;
   7   1        
   8   1        temp=i2c_device_byte_read(0xA0,0x3);
   9   1        b[0]=temp;
  10   1        
  11   1        
  12   1        
  13   1        temp=i2c_device_byte_read(0xA0,0x4);
  14   1        b[1]=temp;
  15   1        
  16   1        
  17   1        temp=i2c_device_byte_read(0xA0,0x5);
  18   1        b[2]=temp;
  19   1        
  20   1        
  21   1        
  22   1        string_data(b);   /* glich */
  23   1        
  24   1        return b;
  25   1      }
  26          
  27          
  28          unsigned char * init_pass_read_user_two(void)
  29          {
  30   1        unsigned char b[5]={0};
  31   1        unsigned char temp;
  32   1        
  33   1      
  34   1        temp=i2c_device_byte_read(0xA0,0x8);
  35   1        b[0]=temp;
  36   1      
  37   1        
  38   1        temp=i2c_device_byte_read(0xA0,0x9);
  39   1        b[1]=temp;
  40   1        
  41   1        
  42   1        temp=i2c_device_byte_read(0xA0,0x0A);
  43   1        b[2]=temp;
  44   1        
  45   1        return b;
  46   1      }
  47          
  48          unsigned char * init_pass_read_user_three(void)
  49          {
  50   1        unsigned char b[5]={0};
  51   1        unsigned char temp;
  52   1        
  53   1        temp=i2c_device_byte_read(0xA0,0x0D);
  54   1        b[0]=temp;
C51 COMPILER V9.52.0.0   INIT_PASS_READ_EEPROM                                             08/29/2022 18:00:58 PAGE 2   

  55   1        
  56   1        
  57   1        temp=i2c_device_byte_read(0xA0,0x0E);
  58   1        b[1]=temp;
  59   1        
  60   1        
  61   1        temp=i2c_device_byte_read(0xA0,0x0F);
  62   1        b[2]=temp;
  63   1        
  64   1        return b;
  65   1        
  66   1      }


MODULE INFORMATION:   STATIC OVERLAYABLE
   CODE SIZE        =    168    ----
   CONSTANT SIZE    =     15    ----
   XDATA SIZE       =   ----    ----
   PDATA SIZE       =   ----    ----
   DATA SIZE        =   ----      15
   IDATA SIZE       =   ----    ----
   BIT SIZE         =   ----    ----
END OF MODULE INFORMATION.


C51 COMPILATION COMPLETE.  0 WARNING(S),  0 ERROR(S)
