C51 COMPILER V9.52.0.0   INT0                                                              08/29/2022 18:00:58 PAGE 1   


C51 COMPILER V9.52.0.0, COMPILATION OF MODULE INT0
OBJECT MODULE PLACED IN .\Objects\INT0.obj
COMPILER INVOKED BY: C:\Keil_v5\C51\BIN\C51.EXE INT0.c BROWSE DEBUG OBJECTEXTEND PRINT(.\Listings\INT0.lst) TABS(2) OBJE
                    -CT(.\Objects\INT0.obj)

line level    source

   1          #include<reg51.h>
   2          //#include"int0.h"
   3          #include"header.h"
   4          sbit led = P2^3;
   5          //sbit row1=P^1.3;
   6          void ext_INT0(void) interrupt 0
   7          {
   8   1      
   9   1        
  10   1      //row_init();
  11   1      led=~led;
  12   1      edit_pass();
  13   1      
  14   1      }
  15          
  16          


MODULE INFORMATION:   STATIC OVERLAYABLE
   CODE SIZE        =     61    ----
   CONSTANT SIZE    =   ----    ----
   XDATA SIZE       =   ----    ----
   PDATA SIZE       =   ----    ----
   DATA SIZE        =   ----    ----
   IDATA SIZE       =   ----    ----
   BIT SIZE         =   ----    ----
END OF MODULE INFORMATION.


C51 COMPILATION COMPLETE.  0 WARNING(S),  0 ERROR(S)
