C51 COMPILER V9.52.0.0   LCD1                                                              08/29/2022 18:00:58 PAGE 1   


C51 COMPILER V9.52.0.0, COMPILATION OF MODULE LCD1
OBJECT MODULE PLACED IN .\Objects\lcd1.obj
COMPILER INVOKED BY: C:\Keil_v5\C51\BIN\C51.EXE lcd1.c BROWSE DEBUG OBJECTEXTEND PRINT(.\Listings\lcd1.lst) TABS(2) OBJE
                    -CT(.\Objects\lcd1.obj)

line level    source

   1          #include<reg51.h>
   2          #include"header.h"
   3          
   4          sbit RS=P2^0;
   5          sbit RW=P2^1;
   6          sbit EN=P2^2;
   7          #define LCD P0;
   8          
   9          
  10          
  11          void lcd_data(unsigned char d)
  12          {
  13   1      P0=d;
  14   1      RS =1;
  15   1      RW=0;
  16   1      EN=1;
  17   1      delay_ms(2);
  18   1      EN=0;
  19   1      }
  20          
  21          
  22          
  23          void lcd_cmd(unsigned char c)
  24          {
  25   1      P0=c;
  26   1      RS=0;
  27   1      RW=0;
  28   1      EN=1;
  29   1      delay_ms(2);
  30   1      EN=0;
  31   1      }
  32          
  33          
  34          void lcd_init(void)
  35          {
  36   1      lcd_cmd(0x2);
  37   1      lcd_cmd(0x38);
  38   1      lcd_cmd(0xE);
  39   1      lcd_cmd(0x1);
  40   1      }
  41           void string_data(unsigned char *d)
  42          {
  43   1        while(*d)
  44   1        {
  45   2          lcd_data(*d++);
  46   2        }
  47   1      }


MODULE INFORMATION:   STATIC OVERLAYABLE
   CODE SIZE        =     93    ----
   CONSTANT SIZE    =   ----    ----
   XDATA SIZE       =   ----    ----
   PDATA SIZE       =   ----    ----
C51 COMPILER V9.52.0.0   LCD1                                                              08/29/2022 18:00:58 PAGE 2   

   DATA SIZE        =   ----       3
   IDATA SIZE       =   ----    ----
   BIT SIZE         =   ----    ----
END OF MODULE INFORMATION.


C51 COMPILATION COMPLETE.  0 WARNING(S),  0 ERROR(S)
