C51 COMPILER V9.52.0.0   MOTOR                                                             08/29/2022 18:00:59 PAGE 1   


C51 COMPILER V9.52.0.0, COMPILATION OF MODULE MOTOR
OBJECT MODULE PLACED IN .\Objects\motor.obj
COMPILER INVOKED BY: C:\Keil_v5\C51\BIN\C51.EXE motor.c BROWSE DEBUG OBJECTEXTEND PRINT(.\Listings\motor.lst) TABS(2) OB
                    -JECT(.\Objects\motor.obj)

line level    source

   1          #include<reg51.h>
   2          #include"header.h"
   3          sbit in1=P3^5;
   4          sbit in2=P3^6;
   5          
   6          void door_open(void) 
   7          {
   8   1          in1=1;
   9   1          in2=0;
  10   1          delay_ms(2000);
  11   1          in1=0;
  12   1          in2=0;   
  13   1      }
  14          
  15          
  16          
  17          void door_close(void)
  18          {
  19   1        in1=0;
  20   1        in2=1;
  21   1        delay_ms(1000);
  22   1        in1=0;
  23   1        in2=0;
  24   1              
  25   1        
  26   1      }


MODULE INFORMATION:   STATIC OVERLAYABLE
   CODE SIZE        =     32    ----
   CONSTANT SIZE    =   ----    ----
   XDATA SIZE       =   ----    ----
   PDATA SIZE       =   ----    ----
   DATA SIZE        =   ----    ----
   IDATA SIZE       =   ----    ----
   BIT SIZE         =   ----    ----
END OF MODULE INFORMATION.


C51 COMPILATION COMPLETE.  0 WARNING(S),  0 ERROR(S)
