C51 COMPILER V9.60.0.0   PASS                                                              04/11/2022 11:16:36 PAGE 1   


C51 COMPILER V9.60.0.0, COMPILATION OF MODULE PASS
OBJECT MODULE PLACED IN .\Objects\pass.obj
COMPILER INVOKED BY: C:\Keil_v5\C51\BIN\C51.EXE pass.c OPTIMIZE(8,SPEED) BROWSE DEBUG OBJECTEXTEND PRINT(.\Listings\pass
                    -.lst) TABS(2) OBJECT(.\Objects\pass.obj)

line level    source

   1          
   2          
   3          i2c_device_byte_write(0xA0,0x3,'1');
*** ERROR C141 IN LINE 3 OF pass.c: syntax error near '0xA0', expected 'bit'
   4            temp=i2c_device_byte_read(0xA0,0x3);
   5            b[0]=temp;
   6            i2c_device_byte_write(0xA0,0x4,'2');
   7            temp=i2c_device_byte_read(0xA0,0x4);
   8            b[1]=temp;
   9            i2c_device_byte_write(0xA0,0x5,'3');
  10            temp=i2c_device_byte_read(0xA0,0x5);
  11            b[2]=temp;
  12            i2c_device_byte_write(0xA0,0x6,'4');
  13            temp=i2c_device_byte_read(0xA0,0x6);
  14            b[3]=temp;
  15            i2c_device_byte_write(0xA0,0x7,'5');
  16            temp=i2c_device_byte_read(0xA0,0x7);
  17            b[4]=temp;

C51 COMPILATION COMPLETE.  0 WARNING(S),  1 ERROR(S)
