C51 COMPILER V9.60.0.0   READ                                                              04/13/2022 09:47:12 PAGE 1   


C51 COMPILER V9.60.0.0, COMPILATION OF MODULE READ
OBJECT MODULE PLACED IN .\Objects\read.obj
COMPILER INVOKED BY: C:\Keil_v5\C51\BIN\C51.EXE read.c OPTIMIZE(8,SPEED) BROWSE DEBUG OBJECTEXTEND PRINT(.\Listings\read
                    -.lst) TABS(2) OBJECT(.\Objects\read.obj)

line level    source

   1          #include"header.h"
   2          unsigned char * init_pass_read_1(void)
   3          {
   4   1        
   5   1        unsigned char b[10];
   6   1        unsigned char temp;
   7   1        lcd_init();
   8   1        lcd_cmd(0x80);
   9   1      
  10   1        temp=i2c_device_byte_read(0xA0,0x11);
  11   1        b[0]=temp;
  12   1        lcd_data(b[0]);
  13   1        
  14   1        
  15   1        temp=i2c_device_byte_read(0xA0,0x12);
  16   1        b[1]=temp;
  17   1        lcd_data(b[1]);
  18   1        
  19   1        temp=i2c_device_byte_read(0xA0,0x13);
  20   1        b[2]=temp;
  21   1        lcd_data(b[2]);
  22   1        
  23   1        
  24   1        temp=i2c_device_byte_read(0xA0,0x14);
  25   1        b[3]=temp;
  26   1        lcd_data(b[3]);
  27   1        
  28   1       
  29   1       temp=i2c_device_byte_read(0xA0,0x15);
  30   1        b[4]=temp;
  31   1        lcd_data(b[4]);
  32   1        return b;
  33   1      }


MODULE INFORMATION:   STATIC OVERLAYABLE
   CODE SIZE        =     75    ----
   CONSTANT SIZE    =   ----    ----
   XDATA SIZE       =   ----    ----
   PDATA SIZE       =   ----    ----
   DATA SIZE        =   ----      10
   IDATA SIZE       =   ----    ----
   BIT SIZE         =   ----    ----
END OF MODULE INFORMATION.


C51 COMPILATION COMPLETE.  0 WARNING(S),  0 ERROR(S)
