C51 COMPILER V9.52.0.0   SELECT_ID                                                         08/29/2022 18:00:59 PAGE 1   


C51 COMPILER V9.52.0.0, COMPILATION OF MODULE SELECT_ID
OBJECT MODULE PLACED IN .\Objects\select_id.obj
COMPILER INVOKED BY: C:\Keil_v5\C51\BIN\C51.EXE select_id.c BROWSE DEBUG OBJECTEXTEND PRINT(.\Listings\select_id.lst) TA
                    -BS(2) OBJECT(.\Objects\select_id.obj)

line level    source

   1          #include "header.h"
   2          
   3          const unsigned char * select_id(signed char user_id ) /* take_id is formal argument */
   4          {
   5   1        
   6   1        const unsigned char * read_pass;
   7   1        
   8   1        switch (user_id)
   9   1        {
  10   2          case '1': read_pass = init_pass_read_user_one(); 
  11   2                    lcd_cmd(0x01);    // clear display
  12   2                    break; 
  13   2          
  14   2          case '2': read_pass = init_pass_read_user_two(); 
  15   2                    lcd_cmd(0x01);    // clear display
  16   2                    break; 
  17   2          
  18   2          case '3': read_pass = init_pass_read_user_three(); 
  19   2                    lcd_cmd(0x01);    // clear display
  20   2                    break;           
  21   2        }
  22   1        
  23   1        return read_pass;
  24   1        
  25   1      }


MODULE INFORMATION:   STATIC OVERLAYABLE
   CODE SIZE        =     43    ----
   CONSTANT SIZE    =   ----    ----
   XDATA SIZE       =   ----    ----
   PDATA SIZE       =   ----    ----
   DATA SIZE        =   ----       3
   IDATA SIZE       =   ----    ----
   BIT SIZE         =   ----    ----
END OF MODULE INFORMATION.


C51 COMPILATION COMPLETE.  0 WARNING(S),  0 ERROR(S)
