C51 COMPILER V9.52.0.0   STRCMP                                                            08/29/2022 17:59:34 PAGE 1   


C51 COMPILER V9.52.0.0, COMPILATION OF MODULE STRCMP
OBJECT MODULE PLACED IN .\Objects\strcmp.obj
COMPILER INVOKED BY: C:\Keil_v5\C51\BIN\C51.EXE strcmp.c BROWSE DEBUG OBJECTEXTEND PRINT(.\Listings\strcmp.lst) TABS(2) 
                    -OBJECT(.\Objects\strcmp.obj)

line level    source

   1          #include "header.h"
   2          unsigned int cmp(const char *p,const char *q)
   3          {
   4   1         signed  int i;
   5   1          for(i=0;p[i];i++)
   6   1        {
   7   2          if(p[i]!=q[i])
   8   2          
   9   2              break;
  10   2          }
  11   1          
  12   1          if(p[i]>q[i])
  13   1          return 1;
  14   1          else if(p[i]<q[i])
  15   1          return -1;
  16   1          else
  17   1          return 0;
  18   1      }
  19              
  20              
  21          
  22              


MODULE INFORMATION:   STATIC OVERLAYABLE
   CODE SIZE        =    153    ----
   CONSTANT SIZE    =   ----    ----
   XDATA SIZE       =   ----    ----
   PDATA SIZE       =   ----    ----
   DATA SIZE        =   ----       6
   IDATA SIZE       =   ----    ----
   BIT SIZE         =   ----    ----
END OF MODULE INFORMATION.


C51 COMPILATION COMPLETE.  0 WARNING(S),  0 ERROR(S)
