C51 COMPILER V9.52.0.0   SYSTEM_BLOCK                                                      08/29/2022 18:00:59 PAGE 1   


C51 COMPILER V9.52.0.0, COMPILATION OF MODULE SYSTEM_BLOCK
OBJECT MODULE PLACED IN .\Objects\system_block.obj
COMPILER INVOKED BY: C:\Keil_v5\C51\BIN\C51.EXE system_block.c BROWSE DEBUG OBJECTEXTEND PRINT(.\Listings\system_block.l
                    -st) TABS(2) OBJECT(.\Objects\system_block.obj)

line level    source

   1          #include <reg51.h>
   2          #include "header.h"
   3          
   4          void password_count(signed int count)
   5          {
   6   1        if(count == 3 )
   7   1        {
   8   2          lcd_cmd(0x01);
   9   2          lcd_cmd(0x80);
  10   2          string_data("UR SYTEM BLOCK"); 
  11   2          delay_ms(2000);
  12   2        }
  13   1        
  14   1      }
  15          


MODULE INFORMATION:   STATIC OVERLAYABLE
   CODE SIZE        =     33    ----
   CONSTANT SIZE    =     15    ----
   XDATA SIZE       =   ----    ----
   PDATA SIZE       =   ----    ----
   DATA SIZE        =   ----    ----
   IDATA SIZE       =   ----    ----
   BIT SIZE         =   ----    ----
END OF MODULE INFORMATION.


C51 COMPILATION COMPLETE.  0 WARNING(S),  0 ERROR(S)
