C51 COMPILER V9.60.0.0   UART                                                              04/11/2022 11:15:57 PAGE 1   


C51 COMPILER V9.60.0.0, COMPILATION OF MODULE UART
OBJECT MODULE PLACED IN .\Objects\uart.obj
COMPILER INVOKED BY: C:\Keil_v5\C51\BIN\C51.EXE uart.c OPTIMIZE(8,SPEED) BROWSE DEBUG OBJECTEXTEND PRINT(.\Listings\uart
                    -.lst) TABS(2) OBJECT(.\Objects\uart.obj)

line level    source

   1          #include "header.h"
   2          #include <reg51.h>
   3          void UART_Init()
   4          {
   5   1        SCON=0x50;//select serial M1 with REN
   6   1        TMOD|=0x20;//T1 in M2
   7   1          TH1=253;//9600 baud rate@Fosc=11.0592MHz
   8   1        TR1=1;  
   9   1      }
  10          /* char Rx_char_UART(void)
  11          {
  12            while(RI==0);//waiting for reception
  13            RI=0;
  14            return(SBUF);
  15          }*/
  16          void Tx_char_UART(unsigned char ch)
  17          {
  18   1        SBUF=ch;
  19   1        while(TI==0);//waiting for txion to complete
  20   1        TI=0;
  21   1      }
  22          
  23          /*void uart_tx_string(char *ptr)
  24          {
  25            while(*ptr)
  26            {
  27              SUBF=*ptr;
  28              while(TI==0);
  29              TI=0;
  30              ptr++;
  31            }
  32          }*/


MODULE INFORMATION:   STATIC OVERLAYABLE
   CODE SIZE        =     20    ----
   CONSTANT SIZE    =   ----    ----
   XDATA SIZE       =   ----    ----
   PDATA SIZE       =   ----    ----
   DATA SIZE        =   ----    ----
   IDATA SIZE       =   ----    ----
   BIT SIZE         =   ----    ----
END OF MODULE INFORMATION.


C51 COMPILATION COMPLETE.  0 WARNING(S),  0 ERROR(S)
